MADE DIR  filters/
SpeakerRestrictionFilterRandomised  with args  [2500000, 1, 'count_tokens'] 	( Tue May 14 20:16:15 2019 )
	(Seeded with  1735122525 )
SpeakerRestrictionFilterRandomised  with args  [2500000, 1, 'count_tokens'] 	( Tue May 14 20:16:15 2019 )
	(Seeded with  2639987694 )
SpeakerRestrictionFilterRandomised  with args  [2500000, 1, 'count_tokens'] 	( Tue May 14 20:16:15 2019 )
	(Seeded with  1544685292 )
SpeakerRestrictionFilterRandomised  with args  [2500000, 1, 'count_tokens'] 	( Tue May 14 20:16:15 2019 )
	(Seeded with  3441058664 )
SpeakerRestrictionFilterRandomised  with args  [2500000, 4, 'count_tokens'] 	( Tue May 14 20:16:15 2019 )
	(Seeded with  3243104534 )
SpeakerRestrictionFilterRandomised  with args  [2500000, 4, 'count_tokens'] 	( Tue May 14 20:16:15 2019 )
	(Seeded with  223228462 )
SpeakerRestrictionFilterRandomised  with args  [2500000, 4, 'count_tokens'] 	( Tue May 14 20:16:15 2019 )
	(Seeded with  3241706059 )
SpeakerRestrictionFilterRandomised  with args  [2500000, 9, 'count_tokens'] 	( Tue May 14 20:16:15 2019 )
	(Seeded with  2286597547 )
SpeakerRestrictionFilterRandomised  with args  [2500000, 9, 'count_tokens'] 	( Tue May 14 20:16:15 2019 )
	(Seeded with  894816679 )
SpeakerRestrictionFilterRandomised  with args  [2500000, 16, 'count_tokens'] 	( Tue May 14 20:16:15 2019 )
	(Seeded with  3677335296 )
SpeakerRestrictionFilterRandomised  with args  [2500000, 16, 'count_tokens'] 	( Tue May 14 20:16:15 2019 )
	(Seeded with  2802756337 )
SpeakerRestrictionFilterRandomised  with args  [2500000, 9, 'count_tokens'] 	( Tue May 14 20:16:15 2019 )
	(Seeded with  4150532668 )
FIRST SAMPLE:  2598002
RESULT WRITTEN INTO  Results/ID/filters/SpeakerRestrictionFilterRandomised_2500000_1_6.pkl
DONE WITH [2500000, 1, 'count_tokens'] 6 ( 824.2933876514435 secs)
SpeakerRestrictionFilterRandomised  with args  [2500000, 1, 'count_tokens'] 	( Tue May 14 20:29:59 2019 )
	(Seeded with  4199724358 )
FIRST SAMPLE:  1856801
RESULT WRITTEN INTO  Results/ID/filters/SpeakerRestrictionFilterRandomised_2500000_1_3.pkl
DONE WITH [2500000, 1, 'count_tokens'] 3 ( 824.5094780921936 secs)
SpeakerRestrictionFilterRandomised  with args  [2500000, 1, 'count_tokens'] 	( Tue May 14 20:29:59 2019 )
	(Seeded with  2266672363 )
FIRST SAMPLE:  617882
RESULT WRITTEN INTO  Results/ID/filters/SpeakerRestrictionFilterRandomised_2500000_1_0.pkl
DONE WITH [2500000, 1, 'count_tokens'] 0 ( 826.0310893058777 secs)
SpeakerRestrictionFilterRandomised  with args  [2500000, 1, 'count_tokens'] 	( Tue May 14 20:30:01 2019 )
	(Seeded with  1396307826 )
FIRST SAMPLE:  1144650
RESULT WRITTEN INTO  Results/ID/filters/SpeakerRestrictionFilterRandomised_2500000_1_9.pkl
DONE WITH [2500000, 1, 'count_tokens'] 9 ( 828.1902759075165 secs)
SpeakerRestrictionFilterRandomised  with args  [2500000, 4, 'count_tokens'] 	( Tue May 14 20:30:03 2019 )
	(Seeded with  219790576 )
FIRST SAMPLE:  1312655
RESULT WRITTEN INTO  Results/ID/filters/SpeakerRestrictionFilterRandomised_2500000_1_4.pkl
DONE WITH [2500000, 1, 'count_tokens'] 4 ( 824.2076413631439 secs)
SpeakerRestrictionFilterRandomised  with args  [2500000, 1, 'count_tokens'] 	( Tue May 14 20:43:44 2019 )
	(Seeded with  2276362215 )
FIRST SAMPLE:  2260279
RESULT WRITTEN INTO  Results/ID/filters/SpeakerRestrictionFilterRandomised_2500000_1_7.pkl
DONE WITH [2500000, 1, 'count_tokens'] 7 ( 825.9047212600708 secs)
SpeakerRestrictionFilterRandomised  with args  [2500000, 1, 'count_tokens'] 	( Tue May 14 20:43:45 2019 )
	(Seeded with  49997444 )
FIRST SAMPLE:  350350
RESULT WRITTEN INTO  Results/ID/filters/SpeakerRestrictionFilterRandomised_2500000_1_1.pkl
DONE WITH [2500000, 1, 'count_tokens'] 1 ( 826.8650321960449 secs)
SpeakerRestrictionFilterRandomised  with args  [2500000, 1, 'count_tokens'] 	( Tue May 14 20:43:48 2019 )
	(Seeded with  1836608712 )
FIRST SAMPLE:  2972617
RESULT WRITTEN INTO  Results/ID/filters/SpeakerRestrictionFilterRandomised_2500000_4_5.pkl
DONE WITH [2500000, 4, 'count_tokens'] 5 ( 1740.705340385437 secs)
SpeakerRestrictionFilterRandomised  with args  [2500000, 4, 'count_tokens'] 	( Tue May 14 20:45:16 2019 )
	(Seeded with  3007788022 )
FIRST SAMPLE:  63277
RESULT WRITTEN INTO  Results/ID/filters/SpeakerRestrictionFilterRandomised_2500000_4_8.pkl
DONE WITH [2500000, 4, 'count_tokens'] 8 ( 1744.977386713028 secs)
SpeakerRestrictionFilterRandomised  with args  [2500000, 4, 'count_tokens'] 	( Tue May 14 20:45:20 2019 )
	(Seeded with  3861468466 )
FIRST SAMPLE:  2631583
RESULT WRITTEN INTO  Results/ID/filters/SpeakerRestrictionFilterRandomised_2500000_4_2.pkl
DONE WITH [2500000, 4, 'count_tokens'] 2 ( 1745.2800297737122 secs)
SpeakerRestrictionFilterRandomised  with args  [2500000, 4, 'count_tokens'] 	( Tue May 14 20:45:20 2019 )
	(Seeded with  304840736 )
FIRST SAMPLE:  2849891
RESULT WRITTEN INTO  Results/ID/filters/SpeakerRestrictionFilterRandomised_2500000_1_5.pkl
DONE WITH [2500000, 1, 'count_tokens'] 5 ( 826.9449405670166 secs)
SpeakerRestrictionFilterRandomised  with args  [2500000, 16, 'count_tokens'] 	( Tue May 14 20:57:31 2019 )
	(Seeded with  720082517 )
FIRST SAMPLE:  1456377
RESULT WRITTEN INTO  Results/ID/filters/SpeakerRestrictionFilterRandomised_2500000_1_8.pkl
DONE WITH [2500000, 1, 'count_tokens'] 8 ( 832.022741317749 secs)
SpeakerRestrictionFilterRandomised  with args  [2500000, 16, 'count_tokens'] 	( Tue May 14 20:57:37 2019 )
	(Seeded with  3800853608 )
FIRST SAMPLE:  949129
RESULT WRITTEN INTO  Results/ID/filters/SpeakerRestrictionFilterRandomised_2500000_1_2.pkl
DONE WITH [2500000, 1, 'count_tokens'] 2 ( 829.4802730083466 secs)
SpeakerRestrictionFilterRandomised  with args  [2500000, 25, 'count_tokens'] 	( Tue May 14 20:57:37 2019 )
	(Seeded with  1617087649 )
FIRST SAMPLE:  258604
RESULT WRITTEN INTO  Results/ID/filters/SpeakerRestrictionFilterRandomised_2500000_4_0.pkl
DONE WITH [2500000, 4, 'count_tokens'] 0 ( 1756.0314230918884 secs)
SpeakerRestrictionFilterRandomised  with args  [2500000, 4, 'count_tokens'] 	( Tue May 14 20:59:19 2019 )
	(Seeded with  592856204 )
FIRST SAMPLE:  1870919
RESULT WRITTEN INTO  Results/ID/filters/SpeakerRestrictionFilterRandomised_2500000_4_3.pkl
DONE WITH [2500000, 4, 'count_tokens'] 3 ( 1702.1527619361877 secs)
SpeakerRestrictionFilterRandomised  with args  [2500000, 4, 'count_tokens'] 	( Tue May 14 21:13:42 2019 )
	(Seeded with  3291078109 )
FIRST SAMPLE:  457743
RESULT WRITTEN INTO  Results/ID/filters/SpeakerRestrictionFilterRandomised_2500000_4_6.pkl
DONE WITH [2500000, 4, 'count_tokens'] 6 ( 1710.6951196193695 secs)
SpeakerRestrictionFilterRandomised  with args  [2500000, 4, 'count_tokens'] 	( Tue May 14 21:13:46 2019 )
	(Seeded with  491844553 )
FIRST SAMPLE:  1764397
RESULT WRITTEN INTO  Results/ID/filters/SpeakerRestrictionFilterRandomised_2500000_4_9.pkl
DONE WITH [2500000, 4, 'count_tokens'] 9 ( 1712.9653000831604 secs)
SpeakerRestrictionFilterRandomised  with args  [2500000, 9, 'count_tokens'] 	( Tue May 14 21:13:53 2019 )
	(Seeded with  1878241064 )
FIRST SAMPLE:  3010228
RESULT WRITTEN INTO  Results/ID/filters/SpeakerRestrictionFilterRandomised_2500000_9_7.pkl
DONE WITH [2500000, 9, 'count_tokens'] 7 ( 3483.4225742816925 secs)
SpeakerRestrictionFilterRandomised  with args  [2500000, 9, 'count_tokens'] 	( Tue May 14 21:14:18 2019 )
	(Seeded with  321078252 )
FIRST SAMPLE:  153684
RESULT WRITTEN INTO  Results/ID/filters/SpeakerRestrictionFilterRandomised_2500000_9_1.pkl
DONE WITH [2500000, 9, 'count_tokens'] 1 ( 3492.64355134964 secs)
SpeakerRestrictionFilterRandomised  with args  [2500000, 9, 'count_tokens'] 	( Tue May 14 21:14:27 2019 )
	(Seeded with  3616401651 )
FIRST SAMPLE:  152459
RESULT WRITTEN INTO  Results/ID/filters/SpeakerRestrictionFilterRandomised_2500000_9_4.pkl
DONE WITH [2500000, 9, 'count_tokens'] 4 ( 3492.744449853897 secs)
SpeakerRestrictionFilterRandomised  with args  [2500000, 9, 'count_tokens'] 	( Tue May 14 21:14:28 2019 )
	(Seeded with  3377970405 )
FIRST SAMPLE:  2641444
RESULT WRITTEN INTO  Results/ID/filters/SpeakerRestrictionFilterRandomised_2500000_4_1.pkl
DONE WITH [2500000, 4, 'count_tokens'] 1 ( 1657.5869760513306 secs)
SpeakerRestrictionFilterRandomised  with args  [2500000, 25, 'count_tokens'] 	( Tue May 14 21:26:57 2019 )
	(Seeded with  3599843883 )
FIRST SAMPLE:  2438035
RESULT WRITTEN INTO  Results/ID/filters/SpeakerRestrictionFilterRandomised_2500000_4_7.pkl
DONE WITH [2500000, 4, 'count_tokens'] 7 ( 1613.0800676345825 secs)
SpeakerRestrictionFilterRandomised  with args  [2500000, 25, 'count_tokens'] 	( Tue May 14 21:40:39 2019 )
	(Seeded with  3783486265 )
FIRST SAMPLE:  110680
RESULT WRITTEN INTO  Results/ID/filters/SpeakerRestrictionFilterRandomised_2500000_4_4.pkl
DONE WITH [2500000, 4, 'count_tokens'] 4 ( 1618.5808038711548 secs)
SpeakerRestrictionFilterRandomised  with args  [2500000, 36, 'count_tokens'] 	( Tue May 14 21:40:41 2019 )
	(Seeded with  2529201638 )
FIRST SAMPLE:  2619722
RESULT WRITTEN INTO  Results/ID/filters/SpeakerRestrictionFilterRandomised_2500000_16_0.pkl
DONE WITH [2500000, 16, 'count_tokens'] 0 ( 6574.426410675049 secs)
SpeakerRestrictionFilterRandomised  with args  [2500000, 16, 'count_tokens'] 	( Tue May 14 22:05:49 2019 )
	(Seeded with  3274789160 )
FIRST SAMPLE:  151684
RESULT WRITTEN INTO  Results/ID/filters/SpeakerRestrictionFilterRandomised_2500000_16_3.pkl
DONE WITH [2500000, 16, 'count_tokens'] 3 ( 6580.043322563171 secs)
SpeakerRestrictionFilterRandomised  with args  [2500000, 16, 'count_tokens'] 	( Tue May 14 22:05:55 2019 )
	(Seeded with  1490740573 )
FIRST SAMPLE:  1542462
RESULT WRITTEN INTO  Results/ID/filters/SpeakerRestrictionFilterRandomised_2500000_9_0.pkl
DONE WITH [2500000, 9, 'count_tokens'] 0 ( 3162.8952646255493 secs)
SpeakerRestrictionFilterRandomised  with args  [2500000, 36, 'count_tokens'] 	( Tue May 14 22:06:36 2019 )
	(Seeded with  2597990107 )
FIRST SAMPLE:  939926
RESULT WRITTEN INTO  Results/ID/filters/SpeakerRestrictionFilterRandomised_2500000_9_8.pkl
DONE WITH [2500000, 9, 'count_tokens'] 8 ( 3147.7463886737823 secs)
SpeakerRestrictionFilterRandomised  with args  [2500000, 9, 'count_tokens'] 	( Tue May 14 22:06:46 2019 )
	(Seeded with  2205814416 )
FIRST SAMPLE:  1930786
RESULT WRITTEN INTO  Results/ID/filters/SpeakerRestrictionFilterRandomised_2500000_9_5.pkl
DONE WITH [2500000, 9, 'count_tokens'] 5 ( 3158.7047629356384 secs)
SpeakerRestrictionFilterRandomised  with args  [2500000, 9, 'count_tokens'] 	( Tue May 14 22:07:06 2019 )
	(Seeded with  3717617371 )
FIRST SAMPLE:  879648
RESULT WRITTEN INTO  Results/ID/filters/SpeakerRestrictionFilterRandomised_2500000_9_2.pkl
DONE WITH [2500000, 9, 'count_tokens'] 2 ( 3171.3547899723053 secs)
SpeakerRestrictionFilterRandomised  with args  [2500000, 9, 'count_tokens'] 	( Tue May 14 22:07:19 2019 )
	(Seeded with  158644013 )
FIRST SAMPLE:  2664257
RESULT WRITTEN INTO  Results/ID/filters/SpeakerRestrictionFilterRandomised_2500000_16_9.pkl
DONE WITH [2500000, 16, 'count_tokens'] 9 ( 6330.866521596909 secs)
SpeakerRestrictionFilterRandomised  with args  [2500000, 25, 'count_tokens'] 	( Tue May 14 22:43:08 2019 )
	(Seeded with  1805959981 )
FIRST SAMPLE:  146836
RESULT WRITTEN INTO  Results/ID/filters/SpeakerRestrictionFilterRandomised_2500000_16_6.pkl
DONE WITH [2500000, 16, 'count_tokens'] 6 ( 6342.585587978363 secs)
SpeakerRestrictionFilterRandomised  with args  [2500000, 16, 'count_tokens'] 	( Tue May 14 22:43:13 2019 )
	(Seeded with  2314681849 )
FIRST SAMPLE:  969419
RESULT WRITTEN INTO  Results/ID/filters/SpeakerRestrictionFilterRandomised_2500000_9_9.pkl
DONE WITH [2500000, 9, 'count_tokens'] 9 ( 2937.5274913311005 secs)
SpeakerRestrictionFilterRandomised  with args  [2500000, 36, 'count_tokens'] 	( Tue May 14 22:55:44 2019 )
	(Seeded with  73159659 )
FIRST SAMPLE:  199882
RESULT WRITTEN INTO  Results/ID/filters/SpeakerRestrictionFilterRandomised_2500000_9_6.pkl
DONE WITH [2500000, 9, 'count_tokens'] 6 ( 2947.5671598911285 secs)
SpeakerRestrictionFilterRandomised  with args  [2500000, 49, 'count_tokens'] 	( Tue May 14 22:56:14 2019 )
	(Seeded with  4034341681 )
FIRST SAMPLE:  2829671
RESULT WRITTEN INTO  Results/ID/filters/SpeakerRestrictionFilterRandomised_2500000_9_3.pkl
DONE WITH [2500000, 9, 'count_tokens'] 3 ( 2964.227669239044 secs)
SpeakerRestrictionFilterRandomised  with args  [2500000, 49, 'count_tokens'] 	( Tue May 14 22:56:43 2019 )
	(Seeded with  3405992156 )
FIRST SAMPLE:  2759848
RESULT WRITTEN INTO  Results/ID/filters/SpeakerRestrictionFilterRandomised_2500000_16_7.pkl
DONE WITH [2500000, 16, 'count_tokens'] 7 ( 4206.568819999695 secs)
SpeakerRestrictionFilterRandomised  with args  [2500000, 16, 'count_tokens'] 	( Tue May 14 23:53:20 2019 )
	(Seeded with  3888369368 )
FIRST SAMPLE:  2987842
RESULT WRITTEN INTO  Results/ID/filters/SpeakerRestrictionFilterRandomised_2500000_16_4.pkl
DONE WITH [2500000, 16, 'count_tokens'] 4 ( 6556.3574850559235 secs)
SpeakerRestrictionFilterRandomised  with args  [2500000, 16, 'count_tokens'] 	( Tue May 14 23:55:11 2019 )
	(Seeded with  4002395417 )
FIRST SAMPLE:  464469
RESULT WRITTEN INTO  Results/ID/filters/SpeakerRestrictionFilterRandomised_2500000_16_1.pkl
DONE WITH [2500000, 16, 'count_tokens'] 1 ( 6563.196671962738 secs)
SpeakerRestrictionFilterRandomised  with args  [2500000, 16, 'count_tokens'] 	( Tue May 14 23:55:12 2019 )
	(Seeded with  1386002898 )
FIRST SAMPLE:  2603814
RESULT WRITTEN INTO  Results/ID/filters/SpeakerRestrictionFilterRandomised_2500000_25_2.pkl
DONE WITH [2500000, 25, 'count_tokens'] 2 ( 12049.64428114891 secs)
SpeakerRestrictionFilterRandomised  with args  [2500000, 25, 'count_tokens'] 	( Wed May 15 00:18:27 2019 )
	(Seeded with  4132423512 )
FIRST SAMPLE:  539678
RESULT WRITTEN INTO  Results/ID/filters/SpeakerRestrictionFilterRandomised_2500000_25_5.pkl
DONE WITH [2500000, 25, 'count_tokens'] 5 ( 11620.844713926315 secs)
SpeakerRestrictionFilterRandomised  with args  [2500000, 25, 'count_tokens'] 	( Wed May 15 00:40:38 2019 )
	(Seeded with  41445338 )
FIRST SAMPLE:  2647792
RESULT WRITTEN INTO  Results/ID/filters/SpeakerRestrictionFilterRandomised_2500000_25_8.pkl
DONE WITH [2500000, 25, 'count_tokens'] 8 ( 11450.427988290787 secs)
SpeakerRestrictionFilterRandomised  with args  [2500000, 25, 'count_tokens'] 	( Wed May 15 00:51:30 2019 )
	(Seeded with  232862919 )
FIRST SAMPLE:  639381
RESULT WRITTEN INTO  Results/ID/filters/SpeakerRestrictionFilterRandomised_2500000_16_8.pkl
DONE WITH [2500000, 16, 'count_tokens'] 8 ( 4112.101879835129 secs)
SpeakerRestrictionFilterRandomised  with args  [2500000, 49, 'count_tokens'] 	( Wed May 15 01:01:52 2019 )
	(Seeded with  3653107006 )
FIRST SAMPLE:  232193
RESULT WRITTEN INTO  Results/ID/filters/SpeakerRestrictionFilterRandomised_2500000_16_5.pkl
DONE WITH [2500000, 16, 'count_tokens'] 5 ( 4148.09831404686 secs)
SpeakerRestrictionFilterRandomised  with args  [2500000, 49, 'count_tokens'] 	( Wed May 15 01:04:19 2019 )
	(Seeded with  3338366689 )
FIRST SAMPLE:  1229324
RESULT WRITTEN INTO  Results/ID/filters/SpeakerRestrictionFilterRandomised_2500000_16_2.pkl
DONE WITH [2500000, 16, 'count_tokens'] 2 ( 4244.370234489441 secs)
SpeakerRestrictionFilterRandomised  with args  [2500000, 64, 'count_tokens'] 	( Wed May 15 01:05:57 2019 )
	(Seeded with  174269887 )
FIRST SAMPLE:  780534
RESULT WRITTEN INTO  Results/ID/filters/SpeakerRestrictionFilterRandomised_2500000_25_0.pkl
DONE WITH [2500000, 25, 'count_tokens'] 0 ( 10415.83605670929 secs)
SpeakerRestrictionFilterRandomised  with args  [2500000, 25, 'count_tokens'] 	( Wed May 15 01:36:44 2019 )
	(Seeded with  1898023848 )
FIRST SAMPLE:  2734241
RESULT WRITTEN INTO  Results/ID/filters/SpeakerRestrictionFilterRandomised_2500000_25_3.pkl
DONE WITH [2500000, 25, 'count_tokens'] 3 ( 9761.357716560364 secs)
SpeakerRestrictionFilterRandomised  with args  [2500000, 25, 'count_tokens'] 	( Wed May 15 03:01:09 2019 )
	(Seeded with  2342356135 )
FIRST SAMPLE:  282735
RESULT WRITTEN INTO  Results/ID/filters/SpeakerRestrictionFilterRandomised_2500000_25_6.pkl
DONE WITH [2500000, 25, 'count_tokens'] 6 ( 9665.836245059967 secs)
SpeakerRestrictionFilterRandomised  with args  [2500000, 25, 'count_tokens'] 	( Wed May 15 03:21:43 2019 )
	(Seeded with  1320203134 )
FIRST SAMPLE:  554713
RESULT WRITTEN INTO  Results/ID/filters/SpeakerRestrictionFilterRandomised_2500000_25_9.pkl
DONE WITH [2500000, 25, 'count_tokens'] 9 ( 9629.302364349365 secs)
SpeakerRestrictionFilterRandomised  with args  [2500000, 36, 'count_tokens'] 	( Wed May 15 03:31:59 2019 )
	(Seeded with  3458964250 )
FIRST SAMPLE:  2199928
RESULT WRITTEN INTO  Results/ID/filters/SpeakerRestrictionFilterRandomised_2500000_25_1.pkl
DONE WITH [2500000, 25, 'count_tokens'] 1 ( 10175.56952214241 secs)
SpeakerRestrictionFilterRandomised  with args  [2500000, 64, 'count_tokens'] 	( Wed May 15 04:26:20 2019 )
	(Seeded with  3366081005 )
FIRST SAMPLE:  2632895
RESULT WRITTEN INTO  Results/ID/filters/SpeakerRestrictionFilterRandomised_2500000_25_4.pkl
DONE WITH [2500000, 25, 'count_tokens'] 4 ( 9455.668857574463 secs)
SpeakerRestrictionFilterRandomised  with args  [2500000, 64, 'count_tokens'] 	( Wed May 15 05:38:44 2019 )
	(Seeded with  2761599309 )
FIRST SAMPLE:  1466124
RESULT WRITTEN INTO  Results/ID/filters/SpeakerRestrictionFilterRandomised_2500000_25_7.pkl
DONE WITH [2500000, 25, 'count_tokens'] 7 ( 9376.82758307457 secs)
SpeakerRestrictionFilterRandomised  with args  [2500000, 81, 'count_tokens'] 	( Wed May 15 05:58:00 2019 )
	(Seeded with  3065469295 )
FIRST SAMPLE:  1456162
RESULT WRITTEN INTO  Results/ID/filters/SpeakerRestrictionFilterRandomised_2500000_36_4.pkl
DONE WITH [2500000, 36, 'count_tokens'] 4 ( 52877.92656826973 secs)
SpeakerRestrictionFilterRandomised  with args  [2500000, 36, 'count_tokens'] 	( Wed May 15 12:47:54 2019 )
	(Seeded with  1445833535 )
FIRST SAMPLE:  2441664
RESULT WRITTEN INTO  Results/ID/filters/SpeakerRestrictionFilterRandomised_2500000_36_1.pkl
DONE WITH [2500000, 36, 'count_tokens'] 1 ( 55451.62060904503 secs)
SpeakerRestrictionFilterRandomised  with args  [2500000, 36, 'count_tokens'] 	( Wed May 15 13:04:53 2019 )
	(Seeded with  1513479312 )
FIRST SAMPLE:  1410644
RESULT WRITTEN INTO  Results/ID/filters/SpeakerRestrictionFilterRandomised_2500000_36_7.pkl
DONE WITH [2500000, 36, 'count_tokens'] 7 ( 53846.024421453476 secs)
SpeakerRestrictionFilterRandomised  with args  [2500000, 36, 'count_tokens'] 	( Wed May 15 13:53:10 2019 )
	(Seeded with  3213119004 )
FIRST SAMPLE:  330101
RESULT WRITTEN INTO  Results/ID/filters/SpeakerRestrictionFilterRandomised_2500000_36_0.pkl
DONE WITH [2500000, 36, 'count_tokens'] 0 ( 68268.12117123604 secs)
SpeakerRestrictionFilterRandomised  with args  [2500000, 81, 'count_tokens'] 	( Wed May 15 22:29:48 2019 )
	(Seeded with  1763937744 )
FIRST SAMPLE:  1623385
RESULT WRITTEN INTO  Results/ID/filters/SpeakerRestrictionFilterRandomised_2500000_36_5.pkl
DONE WITH [2500000, 36, 'count_tokens'] 5 ( 103911.68003344536 secs)
SpeakerRestrictionFilterRandomised  with args  [2500000, 36, 'count_tokens'] 	( Thu May 16 17:39:45 2019 )
	(Seeded with  2465012304 )
FIRST SAMPLE:  665887
RESULT WRITTEN INTO  Results/ID/filters/SpeakerRestrictionFilterRandomised_2500000_36_2.pkl
DONE WITH [2500000, 36, 'count_tokens'] 2 ( 104871.45371866226 secs)
SpeakerRestrictionFilterRandomised  with args  [2500000, 36, 'count_tokens'] 	( Thu May 16 18:12:44 2019 )
	(Seeded with  3610992517 )
FIRST SAMPLE:  2691686
RESULT WRITTEN INTO  Results/ID/filters/SpeakerRestrictionFilterRandomised_2500000_36_8.pkl
DONE WITH [2500000, 36, 'count_tokens'] 8 ( 109037.8988392353 secs)
SpeakerRestrictionFilterRandomised  with args  [2500000, 36, 'count_tokens'] 	( Thu May 16 20:10:28 2019 )
	(Seeded with  422237640 )
FIRST SAMPLE:  1427410
RESULT WRITTEN INTO  Results/ID/filters/SpeakerRestrictionFilterRandomised_2500000_36_6.pkl
DONE WITH [2500000, 36, 'count_tokens'] 6 ( 112509.51270961761 secs)
SpeakerRestrictionFilterRandomised  with args  [2500000, 81, 'count_tokens'] 	( Sat May 18 00:54:55 2019 )
	(Seeded with  1973014972 )
FIRST SAMPLE:  1982297
RESULT WRITTEN INTO  Results/ID/filters/SpeakerRestrictionFilterRandomised_2500000_36_3.pkl
DONE WITH [2500000, 36, 'count_tokens'] 3 ( 113813.23312973976 secs)
SpeakerRestrictionFilterRandomised  with args  [2500000, 100, 'count_tokens'] 	( Sat May 18 01:49:37 2019 )
	(Seeded with  1840579340 )
FIRST SAMPLE:  45258
RESULT WRITTEN INTO  Results/ID/filters/SpeakerRestrictionFilterRandomised_2500000_36_9.pkl
DONE WITH [2500000, 36, 'count_tokens'] 9 ( 109164.7931523323 secs)
SpeakerRestrictionFilterRandomised  with args  [2500000, 100, 'count_tokens'] 	( Sat May 18 02:29:53 2019 )
	(Seeded with  1983437139 )
FIRST SAMPLE:  897309
FIRST SAMPLE:  527009
FIRST SAMPLE:  320940
Process ForkPoolWorker-7:
Traceback (most recent call last):
  File "/usr/lib/python3.7/multiprocessing/pool.py", line 127, in worker
    put((job, i, result))
  File "/usr/lib/python3.7/multiprocessing/queues.py", line 364, in put
    self._writer.send_bytes(obj)
  File "/usr/lib/python3.7/multiprocessing/connection.py", line 200, in send_bytes
    self._send_bytes(m[offset:offset + size])
  File "/usr/lib/python3.7/multiprocessing/connection.py", line 404, in _send_bytes
    self._send(header + buf)
  File "/usr/lib/python3.7/multiprocessing/connection.py", line 368, in _send
    n = write(self._handle, buf)
BrokenPipeError: [Errno 32] Broken pipe

During handling of the above exception, another exception occurred:

Traceback (most recent call last):
  File "/usr/lib/python3.7/multiprocessing/process.py", line 297, in _bootstrap
    self.run()
  File "/usr/lib/python3.7/multiprocessing/process.py", line 99, in run
    self._target(*self._args, **self._kwargs)
  File "/usr/lib/python3.7/multiprocessing/pool.py", line 132, in worker
    put((job, i, (False, wrapped)))
  File "/usr/lib/python3.7/multiprocessing/queues.py", line 364, in put
    self._writer.send_bytes(obj)
  File "/usr/lib/python3.7/multiprocessing/connection.py", line 200, in send_bytes
    self._send_bytes(m[offset:offset + size])
  File "/usr/lib/python3.7/multiprocessing/connection.py", line 404, in _send_bytes
    self._send(header + buf)
  File "/usr/lib/python3.7/multiprocessing/connection.py", line 368, in _send
    n = write(self._handle, buf)
BrokenPipeError: [Errno 32] Broken pipe
Process ForkPoolWorker-11:
Traceback (most recent call last):
  File "/usr/lib/python3.7/multiprocessing/pool.py", line 127, in worker
    put((job, i, result))
  File "/usr/lib/python3.7/multiprocessing/queues.py", line 364, in put
    self._writer.send_bytes(obj)
  File "/usr/lib/python3.7/multiprocessing/connection.py", line 200, in send_bytes
    self._send_bytes(m[offset:offset + size])
  File "/usr/lib/python3.7/multiprocessing/connection.py", line 404, in _send_bytes
    self._send(header + buf)
  File "/usr/lib/python3.7/multiprocessing/connection.py", line 368, in _send
    n = write(self._handle, buf)
BrokenPipeError: [Errno 32] Broken pipe

During handling of the above exception, another exception occurred:

Traceback (most recent call last):
  File "/usr/lib/python3.7/multiprocessing/process.py", line 297, in _bootstrap
    self.run()
  File "/usr/lib/python3.7/multiprocessing/process.py", line 99, in run
    self._target(*self._args, **self._kwargs)
  File "/usr/lib/python3.7/multiprocessing/pool.py", line 132, in worker
    put((job, i, (False, wrapped)))
  File "/usr/lib/python3.7/multiprocessing/queues.py", line 364, in put
    self._writer.send_bytes(obj)
  File "/usr/lib/python3.7/multiprocessing/connection.py", line 200, in send_bytes
    self._send_bytes(m[offset:offset + size])
  File "/usr/lib/python3.7/multiprocessing/connection.py", line 404, in _send_bytes
    self._send(header + buf)
  File "/usr/lib/python3.7/multiprocessing/connection.py", line 368, in _send
    n = write(self._handle, buf)
BrokenPipeError: [Errno 32] Broken pipe
Process ForkPoolWorker-6:
Traceback (most recent call last):
  File "/usr/lib/python3.7/multiprocessing/pool.py", line 127, in worker
    put((job, i, result))
  File "/usr/lib/python3.7/multiprocessing/queues.py", line 364, in put
    self._writer.send_bytes(obj)
  File "/usr/lib/python3.7/multiprocessing/connection.py", line 200, in send_bytes
    self._send_bytes(m[offset:offset + size])
  File "/usr/lib/python3.7/multiprocessing/connection.py", line 404, in _send_bytes
    self._send(header + buf)
  File "/usr/lib/python3.7/multiprocessing/connection.py", line 368, in _send
    n = write(self._handle, buf)
BrokenPipeError: [Errno 32] Broken pipe

During handling of the above exception, another exception occurred:

Traceback (most recent call last):
  File "/usr/lib/python3.7/multiprocessing/process.py", line 297, in _bootstrap
    self.run()
  File "/usr/lib/python3.7/multiprocessing/process.py", line 99, in run
    self._target(*self._args, **self._kwargs)
  File "/usr/lib/python3.7/multiprocessing/pool.py", line 132, in worker
    put((job, i, (False, wrapped)))
  File "/usr/lib/python3.7/multiprocessing/queues.py", line 364, in put
    self._writer.send_bytes(obj)
  File "/usr/lib/python3.7/multiprocessing/connection.py", line 200, in send_bytes
    self._send_bytes(m[offset:offset + size])
  File "/usr/lib/python3.7/multiprocessing/connection.py", line 404, in _send_bytes
    self._send(header + buf)
  File "/usr/lib/python3.7/multiprocessing/connection.py", line 368, in _send
    n = write(self._handle, buf)
BrokenPipeError: [Errno 32] Broken pipe
FIRST SAMPLE:  859257
Process ForkPoolWorker-3:
Traceback (most recent call last):
  File "/usr/lib/python3.7/multiprocessing/pool.py", line 127, in worker
    put((job, i, result))
  File "/usr/lib/python3.7/multiprocessing/queues.py", line 364, in put
    self._writer.send_bytes(obj)
  File "/usr/lib/python3.7/multiprocessing/connection.py", line 200, in send_bytes
    self._send_bytes(m[offset:offset + size])
  File "/usr/lib/python3.7/multiprocessing/connection.py", line 404, in _send_bytes
    self._send(header + buf)
  File "/usr/lib/python3.7/multiprocessing/connection.py", line 368, in _send
    n = write(self._handle, buf)
BrokenPipeError: [Errno 32] Broken pipe

During handling of the above exception, another exception occurred:

Traceback (most recent call last):
  File "/usr/lib/python3.7/multiprocessing/process.py", line 297, in _bootstrap
    self.run()
  File "/usr/lib/python3.7/multiprocessing/process.py", line 99, in run
    self._target(*self._args, **self._kwargs)
  File "/usr/lib/python3.7/multiprocessing/pool.py", line 132, in worker
    put((job, i, (False, wrapped)))
  File "/usr/lib/python3.7/multiprocessing/queues.py", line 364, in put
    self._writer.send_bytes(obj)
  File "/usr/lib/python3.7/multiprocessing/connection.py", line 200, in send_bytes
    self._send_bytes(m[offset:offset + size])
  File "/usr/lib/python3.7/multiprocessing/connection.py", line 404, in _send_bytes
    self._send(header + buf)
  File "/usr/lib/python3.7/multiprocessing/connection.py", line 368, in _send
    n = write(self._handle, buf)
BrokenPipeError: [Errno 32] Broken pipe
FIRST SAMPLE:  238850
Process ForkPoolWorker-10:
Traceback (most recent call last):
  File "/usr/lib/python3.7/multiprocessing/pool.py", line 127, in worker
    put((job, i, result))
  File "/usr/lib/python3.7/multiprocessing/queues.py", line 364, in put
    self._writer.send_bytes(obj)
  File "/usr/lib/python3.7/multiprocessing/connection.py", line 200, in send_bytes
    self._send_bytes(m[offset:offset + size])
  File "/usr/lib/python3.7/multiprocessing/connection.py", line 404, in _send_bytes
    self._send(header + buf)
  File "/usr/lib/python3.7/multiprocessing/connection.py", line 368, in _send
    n = write(self._handle, buf)
BrokenPipeError: [Errno 32] Broken pipe

During handling of the above exception, another exception occurred:

Traceback (most recent call last):
  File "/usr/lib/python3.7/multiprocessing/process.py", line 297, in _bootstrap
    self.run()
  File "/usr/lib/python3.7/multiprocessing/process.py", line 99, in run
    self._target(*self._args, **self._kwargs)
  File "/usr/lib/python3.7/multiprocessing/pool.py", line 132, in worker
    put((job, i, (False, wrapped)))
  File "/usr/lib/python3.7/multiprocessing/queues.py", line 364, in put
    self._writer.send_bytes(obj)
  File "/usr/lib/python3.7/multiprocessing/connection.py", line 200, in send_bytes
    self._send_bytes(m[offset:offset + size])
  File "/usr/lib/python3.7/multiprocessing/connection.py", line 404, in _send_bytes
    self._send(header + buf)
  File "/usr/lib/python3.7/multiprocessing/connection.py", line 368, in _send
    n = write(self._handle, buf)
BrokenPipeError: [Errno 32] Broken pipe
